<?xml version="1.0" encoding="UTF-8"?>
<!-- Generated by org.testng.reporters.JUnitReportReporter -->
<testsuite hostname="Ganesh" failures="0" tests="3" name="aniketkanselearning.tests.SubmitOrder" time="27.669" errors="0" timestamp="06 Jun 2024 18:37:38 GMT" skipped="0">
  <testcase classname="aniketkanselearning.tests.SubmitOrder" name="SubmitOrder" time="7.725"/>
  <testcase classname="aniketkanselearning.tests.SubmitOrder" name="SubmitOrder" time="16.927"/>
  <testcase classname="aniketkanselearning.tests.SubmitOrder" name="OrderHistory" time="3.017"/>
</testsuite> <!-- aniketkanselearning.tests.SubmitOrder -->
