<?xml version="1.0" encoding="UTF-8"?>
<!-- Generated by org.testng.reporters.JUnitReportReporter -->
<testsuite hostname="Ganesh" failures="0" tests="1" name="aniketkanselearning.tests.Framework1" time="18.859" errors="0" timestamp="18 May 2024 12:14:19 GMT" skipped="0">
  <testcase classname="aniketkanselearning.tests.Framework1" name="SubmitOrder" time="18.859"/>
</testsuite> <!-- aniketkanselearning.tests.Framework1 -->
