<?xml version="1.0" encoding="UTF-8"?>
<!-- Generated by org.testng.reporters.JUnitReportReporter -->
<testsuite hostname="Ganesh" failures="0" tests="1" name="PS2" time="0.022" errors="0" timestamp="2024-05-12T11:25:08 IST" skipped="0">
  <testcase classname="PS2" name="doingThis" time="0.022"/>
  <system-out/>
</testsuite> <!-- PS2 -->
