<?xml version="1.0" encoding="UTF-8"?>
<!-- Generated by org.testng.reporters.JUnitReportReporter -->
<testsuite hostname="Ganesh" failures="0" tests="3" name="aniketkanselearning.tests.SubmitOrder" time="49.827" errors="0" timestamp="14 Jul 2024 11:28:13 GMT" skipped="0">
  <testcase classname="aniketkanselearning.tests.SubmitOrder" name="OrderHistory" time="11.120"/>
  <testcase classname="aniketkanselearning.tests.SubmitOrder" name="SubmitOrder" time="19.289"/>
  <testcase classname="aniketkanselearning.tests.SubmitOrder" name="SubmitOrder" time="19.418"/>
</testsuite> <!-- aniketkanselearning.tests.SubmitOrder -->
