<?xml version="1.0" encoding="UTF-8"?>
<!-- Generated by org.testng.reporters.JUnitReportReporter -->
<testsuite hostname="Ganesh" failures="0" tests="1" name="aniketkanselearning.ExtentReport.ExtentReportDemo" time="7.819" errors="0" timestamp="2024-06-06T16:30:05 IST" skipped="0">
  <testcase classname="aniketkanselearning.ExtentReport.ExtentReportDemo" name="getExtentReport" time="7.819"/>
</testsuite> <!-- aniketkanselearning.ExtentReport.ExtentReportDemo -->
