<?xml version="1.0" encoding="UTF-8"?>
<!-- Generated by org.testng.reporters.JUnitReportReporter -->
<testsuite hostname="Ganesh" failures="0" tests="3" name="test.Test2" time="0.003" errors="0" timestamp="2024-05-06T11:02:47 IST" skipped="0">
  <testcase classname="test.Test2" name="WebPropertyLoan" time="0.001"/>
  <system-out/>
  <testcase classname="test.Test2" name="MobilePropertyLoan" time="0.001"/>
  <system-out/>
  <testcase classname="test.Test2" name="APIPropertyLoan" time="0.001"/>
  <system-out/>
</testsuite> <!-- test.Test2 -->
