<?xml version="1.0" encoding="UTF-8"?>
<!-- Generated by org.testng.reporters.JUnitReportReporter -->
<testsuite hostname="Ganesh" failures="0" tests="5" name="test.Test3" time="0.006" errors="0" timestamp="2024-05-06T11:02:47 IST" skipped="0">
  <testcase classname="test.Test3" name="WebCarLoan" time="0.000"/>
  <system-out/>
  <testcase classname="test.Test3" name="WebCarLoan" time="0.001"/>
  <system-out/>
  <testcase classname="test.Test3" name="MobileCarLoan" time="0.002"/>
  <system-out/>
  <testcase classname="test.Test3" name="WebCarLoan" time="0.001"/>
  <system-out/>
  <testcase classname="test.Test3" name="APICarLoan" time="0.002"/>
  <system-out/>
</testsuite> <!-- test.Test3 -->
