<?xml version="1.0" encoding="UTF-8"?>
<!-- Generated by org.testng.reporters.JUnitReportReporter -->
<testsuite hostname="Ganesh" failures="0" tests="2" name="test.Test4" time="0.001" errors="0" timestamp="2024-05-06T11:02:47 IST" skipped="0">
  <testcase classname="test.Test4" name="APIHomeLoan" time="0.001"/>
  <system-out/>
  <testcase classname="test.Test4" name="WebHomeLoan" time="0.000"/>
  <system-out/>
</testsuite> <!-- test.Test4 -->
